<?xml version="1.0" encoding="UTF-8"?>
<!-- Generated by org.testng.reporters.JUnitReportReporter -->
<testsuite hostname="KetanPC" failures="0" tests="2" name="rahulshettyacademy.tests.ErrorValidationsTest" time="21.872" errors="0" timestamp="06 Jan 2023 15:44:38 GMT" skipped="0">
  <testcase classname="rahulshettyacademy.tests.ErrorValidationsTest" name="LoginErrorValidation" time="11.063"/>
  <testcase classname="rahulshettyacademy.tests.ErrorValidationsTest" name="ProductErrorValidation" time="10.809"/>
</testsuite> <!-- rahulshettyacademy.tests.ErrorValidationsTest -->
