<?xml version="1.0" encoding="UTF-8"?>
<!-- Generated by org.testng.reporters.JUnitReportReporter -->
<testsuite hostname="KetanPC" failures="0" tests="3" name="rahulshettyacademy.tests.SubmitOrderTest" time="30.922" errors="0" timestamp="06 Jan 2023 15:44:38 GMT" skipped="0">
  <testcase classname="rahulshettyacademy.tests.SubmitOrderTest" name="OrderHistoryTest" time="7.631"/>
  <testcase classname="rahulshettyacademy.tests.SubmitOrderTest" name="submitOrder" time="10.918"/>
  <testcase classname="rahulshettyacademy.tests.SubmitOrderTest" name="submitOrder" time="12.373"/>
</testsuite> <!-- rahulshettyacademy.tests.SubmitOrderTest -->
